# JRE version: Java(TM) SE Runtime Environment (8.0_66-b18) (build 1.8.0_66-b18)
# Java VM: Java HotSpot(TM) 64-Bit Server VM (25.66-b18 mixed mode windows-amd64 compressed oops)
Heap:
 PSYoungGen      total 132096K, used 80059K [0x00000000d7100000, 0x00000000e6d80000, 0x0000000100000000)
  eden space 126976K, 59% used [0x00000000d7100000,0x00000000dba32db8,0x00000000ded00000)
  from space 5120K, 99% used [0x00000000ded00000,0x00000000df1fc030,0x00000000df200000)
  to   space 13312K, 0% used [0x00000000e6080000,0x00000000e6080000,0x00000000e6d80000)
 ParOldGen       total 46592K, used 12645K [0x0000000085200000, 0x0000000087f80000, 0x00000000d7100000)
  object space 46592K, 27% used [0x0000000085200000,0x0000000085e59488,0x0000000087f80000)
 Metaspace       used 33710K, capacity 35294K, committed 35416K, reserved 1079296K
  class space    used 4334K, capacity 4632K, committed 4736K, reserved 1048576K
GC Heap History (10 events):
Event: 1.525 GC heap before
{Heap before GC invocations=2 (full 0):
 PSYoungGen      total 36864K, used 36540K [0x00000000d7100000, 0x00000000db900000, 0x0000000100000000)
  eden space 31744K, 100% used [0x00000000d7100000,0x00000000d9000000,0x00000000d9000000)
  from space 5120K, 93% used [0x00000000d9000000,0x00000000d94af250,0x00000000d9500000)
  to   space 5120K, 0% used [0x00000000db400000,0x00000000db400000,0x00000000db900000)
 ParOldGen       total 84992K, used 8K [0x0000000085200000, 0x000000008a500000, 0x00000000d7100000)
  object space 84992K, 0% used [0x0000000085200000,0x0000000085202000,0x000000008a500000)
 Metaspace       used 13022K, capacity 13424K, committed 13696K, reserved 1060864K
  class space    used 1690K, capacity 1797K, committed 1920K, reserved 1048576K
Event: 1.536 GC heap after
Heap after GC invocations=2 (full 0):
 PSYoungGen      total 68608K, used 5106K [0x00000000d7100000, 0x00000000db900000, 0x0000000100000000)
  eden space 63488K, 0% used [0x00000000d7100000,0x00000000d7100000,0x00000000daf00000)
  from space 5120K, 99% used [0x00000000db400000,0x00000000db8fca48,0x00000000db900000)
  to   space 5120K, 0% used [0x00000000daf00000,0x00000000daf00000,0x00000000db400000)
 ParOldGen       total 84992K, used 107K [0x0000000085200000, 0x000000008a500000, 0x00000000d7100000)
  object space 84992K, 0% used [0x0000000085200000,0x000000008521adc0,0x000000008a500000)
 Metaspace       used 13022K, capacity 13424K, committed 13696K, reserved 1060864K
  class space    used 1690K, capacity 1797K, committed 1920K, reserved 1048576K
}
Event: 2.183 GC heap before
{Heap before GC invocations=3 (full 0):
 PSYoungGen      total 68608K, used 68560K [0x00000000d7100000, 0x00000000db900000, 0x0000000100000000)
  eden space 63488K, 99% used [0x00000000d7100000,0x00000000daef7908,0x00000000daf00000)
  from space 5120K, 99% used [0x00000000db400000,0x00000000db8fca48,0x00000000db900000)
  to   space 5120K, 0% used [0x00000000daf00000,0x00000000daf00000,0x00000000db400000)
 ParOldGen       total 84992K, used 107K [0x0000000085200000, 0x000000008a500000, 0x00000000d7100000)
  object space 84992K, 0% used [0x0000000085200000,0x000000008521adc0,0x000000008a500000)
 Metaspace       used 20458K, capacity 20958K, committed 21248K, reserved 1067008K
  class space    used 2621K, capacity 2756K, committed 2816K, reserved 1048576K
Event: 2.205 GC heap after
Heap after GC invocations=3 (full 0):
 PSYoungGen      total 68608K, used 5114K [0x00000000d7100000, 0x00000000df700000, 0x0000000100000000)
  eden space 63488K, 0% used [0x00000000d7100000,0x00000000d7100000,0x00000000daf00000)
  from space 5120K, 99% used [0x00000000daf00000,0x00000000db3fea58,0x00000000db400000)
  to   space 5120K, 0% used [0x00000000df200000,0x00000000df200000,0x00000000df700000)
 ParOldGen       total 84992K, used 5039K [0x0000000085200000, 0x000000008a500000, 0x00000000d7100000)
  object space 84992K, 5% used [0x0000000085200000,0x00000000856ebd60,0x000000008a500000)
 Metaspace       used 20458K, capacity 20958K, committed 21248K, reserved 1067008K
  class space    used 2621K, capacity 2756K, committed 2816K, reserved 1048576K
}
Event: 2.215 GC heap before
{Heap before GC invocations=4 (full 0):
 PSYoungGen      total 68608K, used 9660K [0x00000000d7100000, 0x00000000df700000, 0x0000000100000000)
  eden space 63488K, 7% used [0x00000000d7100000,0x00000000d75705f0,0x00000000daf00000)
  from space 5120K, 99% used [0x00000000daf00000,0x00000000db3fea58,0x00000000db400000)
  to   space 5120K, 0% used [0x00000000df200000,0x00000000df200000,0x00000000df700000)
 ParOldGen       total 84992K, used 5039K [0x0000000085200000, 0x000000008a500000, 0x00000000d7100000)
  object space 84992K, 5% used [0x0000000085200000,0x00000000856ebd60,0x000000008a500000)
 Metaspace       used 20598K, capacity 21086K, committed 21248K, reserved 1067008K
  class space    used 2629K, capacity 2756K, committed 2816K, reserved 1048576K
Event: 2.224 GC heap after
Heap after GC invocations=4 (full 0):
 PSYoungGen      total 132096K, used 5115K [0x00000000d7100000, 0x00000000df700000, 0x0000000100000000)
  eden space 126976K, 0% used [0x00000000d7100000,0x00000000d7100000,0x00000000ded00000)
  from space 5120K, 99% used [0x00000000df200000,0x00000000df6fee60,0x00000000df700000)
  to   space 5120K, 0% used [0x00000000ded00000,0x00000000ded00000,0x00000000df200000)
 ParOldGen       total 84992K, used 5248K [0x0000000085200000, 0x000000008a500000, 0x00000000d7100000)
  object space 84992K, 6% used [0x0000000085200000,0x0000000085720240,0x000000008a500000)
 Metaspace       used 20598K, capacity 21086K, committed 21248K, reserved 1067008K
  class space    used 2629K, capacity 2756K, committed 2816K, reserved 1048576K
}
Event: 2.225 GC heap before
{Heap before GC invocations=5 (full 1):
 PSYoungGen      total 132096K, used 5115K [0x00000000d7100000, 0x00000000df700000, 0x0000000100000000)
  eden space 126976K, 0% used [0x00000000d7100000,0x00000000d7100000,0x00000000ded00000)
  from space 5120K, 99% used [0x00000000df200000,0x00000000df6fee60,0x00000000df700000)
  to   space 5120K, 0% used [0x00000000ded00000,0x00000000ded00000,0x00000000df200000)
 ParOldGen       total 84992K, used 5248K [0x0000000085200000, 0x000000008a500000, 0x00000000d7100000)
  object space 84992K, 6% used [0x0000000085200000,0x0000000085720240,0x000000008a500000)
 Metaspace       used 20598K, capacity 21086K, committed 21248K, reserved 1067008K
  class space    used 2629K, capacity 2756K, committed 2816K, reserved 1048576K
Event: 2.273 GC heap after
Heap after GC invocations=5 (full 1):
 PSYoungGen      total 132096K, used 0K [0x00000000d7100000, 0x00000000df700000, 0x0000000100000000)
  eden space 126976K, 0% used [0x00000000d7100000,0x00000000d7100000,0x00000000ded00000)
  from space 5120K, 0% used [0x00000000df200000,0x00000000df200000,0x00000000df700000)
  to   space 5120K, 0% used [0x00000000ded00000,0x00000000ded00000,0x00000000df200000)
 ParOldGen       total 46592K, used 5249K [0x0000000085200000, 0x0000000087f80000, 0x00000000d7100000)
  object space 46592K, 11% used [0x0000000085200000,0x00000000857207e8,0x0000000087f80000)
 Metaspace       used 20597K, capacity 21080K, committed 21248K, reserved 1067008K
  class space    used 2628K, capacity 2755K, committed 2816K, reserved 1048576K
}
Event: 4.682 GC heap before
{Heap before GC invocations=6 (full 1):
 PSYoungGen      total 132096K, used 126976K [0x00000000d7100000, 0x00000000df700000, 0x0000000100000000)
  eden space 126976K, 100% used [0x00000000d7100000,0x00000000ded00000,0x00000000ded00000)
  from space 5120K, 0% used [0x00000000df200000,0x00000000df200000,0x00000000df700000)
  to   space 5120K, 0% used [0x00000000ded00000,0x00000000ded00000,0x00000000df200000)
 ParOldGen       total 46592K, used 5249K [0x0000000085200000, 0x0000000087f80000, 0x00000000d7100000)
  object space 46592K, 11% used [0x0000000085200000,0x00000000857207e8,0x0000000087f80000)
 Metaspace       used 30246K, capacity 31358K, committed 31616K, reserved 1077248K
  class space    used 3897K, capacity 4144K, committed 4224K, reserved 1048576K
Event: 4.709 GC heap after
Heap after GC invocations=6 (full 1):
 PSYoungGen      total 132096K, used 5104K [0x00000000d7100000, 0x00000000e6d80000, 0x0000000100000000)
  eden space 126976K, 0% used [0x00000000d7100000,0x00000000d7100000,0x00000000ded00000)
  from space 5120K, 99% used [0x00000000ded00000,0x00000000df1fc030,0x00000000df200000)
  to   space 13312K, 0% used [0x00000000e6080000,0x00000000e6080000,0x00000000e6d80000)
 ParOldGen       total 46592K, used 12645K [0x0000000085200000, 0x0000000087f80000, 0x00000000d7100000)
  object space 46592K, 27% used [0x0000000085200000,0x0000000085e59488,0x0000000087f80000)
 Metaspace       used 30246K, capacity 31358K, committed 31616K, reserved 1077248K
  class space    used 3897K, capacity 4144K, committed 4224K, reserved 1048576K
}

