# JRE version: Java(TM) SE Runtime Environment (8.0_66-b18) (build 1.8.0_66-b18)
# Java VM: Java HotSpot(TM) 64-Bit Server VM (25.66-b18 mixed mode windows-amd64 compressed oops)
Heap:
 PSYoungGen      total 139776K, used 6912K [0x00000000d7100000, 0x00000000e8200000, 0x0000000100000000)
  eden space 126976K, 0% used [0x00000000d7100000,0x00000000d7100000,0x00000000ded00000)
  from space 12800K, 54% used [0x00000000ded00000,0x00000000df3c0020,0x00000000df980000)
  to   space 12800K, 0% used [0x00000000e7580000,0x00000000e7580000,0x00000000e8200000)
 ParOldGen       total 84992K, used 16803K [0x0000000085200000, 0x000000008a500000, 0x00000000d7100000)
  object space 84992K, 19% used [0x0000000085200000,0x0000000086268ec8,0x000000008a500000)
 Metaspace       used 20604K, capacity 21122K, committed 21296K, reserved 1069056K
  class space    used 2415K, capacity 2606K, committed 2688K, reserved 1048576K
GC Heap History (10 events):
Event: 3.692 GC heap after
Heap after GC invocations=3 (full 0):
 PSYoungGen      total 36864K, used 5088K [0x00000000d7100000, 0x00000000db900000, 0x0000000100000000)
  eden space 31744K, 0% used [0x00000000d7100000,0x00000000d7100000,0x00000000d9000000)
  from space 5120K, 99% used [0x00000000d9000000,0x00000000d94f8020,0x00000000d9500000)
  to   space 5120K, 0% used [0x00000000db400000,0x00000000db400000,0x00000000db900000)
 ParOldGen       total 84992K, used 5726K [0x0000000085200000, 0x000000008a500000, 0x00000000d7100000)
  object space 84992K, 6% used [0x0000000085200000,0x0000000085797870,0x000000008a500000)
 Metaspace       used 18107K, capacity 18468K, committed 18816K, reserved 1064960K
  class space    used 2224K, capacity 2352K, committed 2432K, reserved 1048576K
}
Event: 4.272 GC heap before
{Heap before GC invocations=4 (full 0):
 PSYoungGen      total 36864K, used 36832K [0x00000000d7100000, 0x00000000db900000, 0x0000000100000000)
  eden space 31744K, 100% used [0x00000000d7100000,0x00000000d9000000,0x00000000d9000000)
  from space 5120K, 99% used [0x00000000d9000000,0x00000000d94f8020,0x00000000d9500000)
  to   space 5120K, 0% used [0x00000000db400000,0x00000000db400000,0x00000000db900000)
 ParOldGen       total 84992K, used 5726K [0x0000000085200000, 0x000000008a500000, 0x00000000d7100000)
  object space 84992K, 6% used [0x0000000085200000,0x0000000085797870,0x000000008a500000)
 Metaspace       used 18498K, capacity 18826K, committed 19072K, reserved 1067008K
  class space    used 2249K, capacity 2385K, committed 2432K, reserved 1048576K
Event: 4.308 GC heap after
Heap after GC invocations=4 (full 0):
 PSYoungGen      total 68608K, used 5104K [0x00000000d7100000, 0x00000000db900000, 0x0000000100000000)
  eden space 63488K, 0% used [0x00000000d7100000,0x00000000d7100000,0x00000000daf00000)
  from space 5120K, 99% used [0x00000000db400000,0x00000000db8fc010,0x00000000db900000)
  to   space 5120K, 0% used [0x00000000daf00000,0x00000000daf00000,0x00000000db400000)
 ParOldGen       total 84992K, used 9453K [0x0000000085200000, 0x000000008a500000, 0x00000000d7100000)
  object space 84992K, 11% used [0x0000000085200000,0x0000000085b3b530,0x000000008a500000)
 Metaspace       used 18498K, capacity 18826K, committed 19072K, reserved 1067008K
  class space    used 2249K, capacity 2385K, committed 2432K, reserved 1048576K
}
Event: 5.510 GC heap before
{Heap before GC invocations=5 (full 0):
 PSYoungGen      total 68608K, used 68592K [0x00000000d7100000, 0x00000000db900000, 0x0000000100000000)
  eden space 63488K, 100% used [0x00000000d7100000,0x00000000daf00000,0x00000000daf00000)
  from space 5120K, 99% used [0x00000000db400000,0x00000000db8fc010,0x00000000db900000)
  to   space 5120K, 0% used [0x00000000daf00000,0x00000000daf00000,0x00000000db400000)
 ParOldGen       total 84992K, used 9453K [0x0000000085200000, 0x000000008a500000, 0x00000000d7100000)
  object space 84992K, 11% used [0x0000000085200000,0x0000000085b3b530,0x000000008a500000)
 Metaspace       used 18804K, capacity 19136K, committed 19328K, reserved 1067008K
  class space    used 2267K, capacity 2394K, committed 2432K, reserved 1048576K
Event: 5.534 GC heap after
Heap after GC invocations=5 (full 0):
 PSYoungGen      total 68608K, used 5104K [0x00000000d7100000, 0x00000000e0600000, 0x0000000100000000)
  eden space 63488K, 0% used [0x00000000d7100000,0x00000000d7100000,0x00000000daf00000)
  from space 5120K, 99% used [0x00000000daf00000,0x00000000db3fc010,0x00000000db400000)
  to   space 12800K, 0% used [0x00000000df980000,0x00000000df980000,0x00000000e0600000)
 ParOldGen       total 84992K, used 15439K [0x0000000085200000, 0x000000008a500000, 0x00000000d7100000)
  object space 84992K, 18% used [0x0000000085200000,0x0000000086113eb8,0x000000008a500000)
 Metaspace       used 18804K, capacity 19136K, committed 19328K, reserved 1067008K
  class space    used 2267K, capacity 2394K, committed 2432K, reserved 1048576K
}
Event: 7.301 GC heap before
{Heap before GC invocations=6 (full 0):
 PSYoungGen      total 68608K, used 68592K [0x00000000d7100000, 0x00000000e0600000, 0x0000000100000000)
  eden space 63488K, 100% used [0x00000000d7100000,0x00000000daf00000,0x00000000daf00000)
  from space 5120K, 99% used [0x00000000daf00000,0x00000000db3fc010,0x00000000db400000)
  to   space 12800K, 0% used [0x00000000df980000,0x00000000df980000,0x00000000e0600000)
 ParOldGen       total 84992K, used 15439K [0x0000000085200000, 0x000000008a500000, 0x00000000d7100000)
  object space 84992K, 18% used [0x0000000085200000,0x0000000086113eb8,0x000000008a500000)
 Metaspace       used 20556K, capacity 21040K, committed 21296K, reserved 1069056K
  class space    used 2414K, capacity 2604K, committed 2688K, reserved 1048576K
Event: 7.326 GC heap after
Heap after GC invocations=6 (full 0):
 PSYoungGen      total 139776K, used 9649K [0x00000000d7100000, 0x00000000e0600000, 0x0000000100000000)
  eden space 126976K, 0% used [0x00000000d7100000,0x00000000d7100000,0x00000000ded00000)
  from space 12800K, 75% used [0x00000000df980000,0x00000000e02ec460,0x00000000e0600000)
  to   space 12800K, 0% used [0x00000000ded00000,0x00000000ded00000,0x00000000df980000)
 ParOldGen       total 84992K, used 15447K [0x0000000085200000, 0x000000008a500000, 0x00000000d7100000)
  object space 84992K, 18% used [0x0000000085200000,0x0000000086115eb8,0x000000008a500000)
 Metaspace       used 20556K, capacity 21040K, committed 21296K, reserved 1069056K
  class space    used 2414K, capacity 2604K, committed 2688K, reserved 1048576K
}
Event: 7.459 GC heap before
{Heap before GC invocations=7 (full 0):
 PSYoungGen      total 139776K, used 14632K [0x00000000d7100000, 0x00000000e0600000, 0x0000000100000000)
  eden space 126976K, 3% used [0x00000000d7100000,0x00000000d75ddf60,0x00000000ded00000)
  from space 12800K, 75% used [0x00000000df980000,0x00000000e02ec460,0x00000000e0600000)
  to   space 12800K, 0% used [0x00000000ded00000,0x00000000ded00000,0x00000000df980000)
 ParOldGen       total 84992K, used 15447K [0x0000000085200000, 0x000000008a500000, 0x00000000d7100000)
  object space 84992K, 18% used [0x0000000085200000,0x0000000086115eb8,0x000000008a500000)
 Metaspace       used 20604K, capacity 21122K, committed 21296K, reserved 1069056K
  class space    used 2415K, capacity 2606K, committed 2688K, reserved 1048576K
Event: 7.485 GC heap after
Heap after GC invocations=7 (full 0):
 PSYoungGen      total 139776K, used 6912K [0x00000000d7100000, 0x00000000e8200000, 0x0000000100000000)
  eden space 126976K, 0% used [0x00000000d7100000,0x00000000d7100000,0x00000000ded00000)
  from space 12800K, 54% used [0x00000000ded00000,0x00000000df3c0020,0x00000000df980000)
  to   space 12800K, 0% used [0x00000000e7580000,0x00000000e7580000,0x00000000e8200000)
 ParOldGen       total 84992K, used 16803K [0x0000000085200000, 0x000000008a500000, 0x00000000d7100000)
  object space 84992K, 19% used [0x0000000085200000,0x0000000086268ec8,0x000000008a500000)
 Metaspace       used 20604K, capacity 21122K, committed 21296K, reserved 1069056K
  class space    used 2415K, capacity 2606K, committed 2688K, reserved 1048576K
}
Event: 7.485 GC heap before
{Heap before GC invocations=8 (full 1):
 PSYoungGen      total 139776K, used 6912K [0x00000000d7100000, 0x00000000e8200000, 0x0000000100000000)
  eden space 126976K, 0% used [0x00000000d7100000,0x00000000d7100000,0x00000000ded00000)
  from space 12800K, 54% used [0x00000000ded00000,0x00000000df3c0020,0x00000000df980000)
  to   space 12800K, 0% used [0x00000000e7580000,0x00000000e7580000,0x00000000e8200000)
 ParOldGen       total 84992K, used 16803K [0x0000000085200000, 0x000000008a500000, 0x00000000d7100000)
  object space 84992K, 19% used [0x0000000085200000,0x0000000086268ec8,0x000000008a500000)
 Metaspace       used 20604K, capacity 21122K, committed 21296K, reserved 1069056K
  class space    used 2415K, capacity 2606K, committed 2688K, reserved 1048576K

