# JRE version: Java(TM) SE Runtime Environment (8.0_66-b18) (build 1.8.0_66-b18)
# Java VM: Java HotSpot(TM) 64-Bit Server VM (25.66-b18 mixed mode windows-amd64 compressed oops)
Heap:
 PSYoungGen      total 120832K, used 34874K [0x00000000d7100000, 0x00000000dfd80000, 0x0000000100000000)
  eden space 112640K, 24% used [0x00000000d7100000,0x00000000d8b772d0,0x00000000ddf00000)
  from space 8192K, 94% used [0x00000000df580000,0x00000000dfd17678,0x00000000dfd80000)
  to   space 9216K, 0% used [0x00000000deb80000,0x00000000deb80000,0x00000000df480000)
 ParOldGen       total 46592K, used 5140K [0x0000000085200000, 0x0000000087f80000, 0x00000000d7100000)
  object space 46592K, 11% used [0x0000000085200000,0x00000000857053d0,0x0000000087f80000)
 Metaspace       used 28262K, capacity 29330K, committed 29488K, reserved 1075200K
  class space    used 3643K, capacity 3866K, committed 3888K, reserved 1048576K
GC Heap History (10 events):
Event: 1.804 GC heap before
{Heap before GC invocations=3 (full 0):
 PSYoungGen      total 36864K, used 36835K [0x00000000d7100000, 0x00000000db900000, 0x0000000100000000)
  eden space 31744K, 100% used [0x00000000d7100000,0x00000000d9000000,0x00000000d9000000)
  from space 5120K, 99% used [0x00000000d9500000,0x00000000d99f8d88,0x00000000d9a00000)
  to   space 5120K, 0% used [0x00000000d9000000,0x00000000d9000000,0x00000000d9500000)
 ParOldGen       total 84992K, used 16K [0x0000000085200000, 0x000000008a500000, 0x00000000d7100000)
  object space 84992K, 0% used [0x0000000085200000,0x0000000085204000,0x000000008a500000)
 Metaspace       used 16566K, capacity 17018K, committed 17280K, reserved 1064960K
  class space    used 2163K, capacity 2324K, committed 2432K, reserved 1048576K
Event: 1.817 GC heap after
Heap after GC invocations=3 (full 0):
 PSYoungGen      total 36864K, used 5119K [0x00000000d7100000, 0x00000000db900000, 0x0000000100000000)
  eden space 31744K, 0% used [0x00000000d7100000,0x00000000d7100000,0x00000000d9000000)
  from space 5120K, 99% used [0x00000000d9000000,0x00000000d94fff58,0x00000000d9500000)
  to   space 5120K, 0% used [0x00000000db400000,0x00000000db400000,0x00000000db900000)
 ParOldGen       total 84992K, used 1858K [0x0000000085200000, 0x000000008a500000, 0x00000000d7100000)
  object space 84992K, 2% used [0x0000000085200000,0x00000000853d0bb0,0x000000008a500000)
 Metaspace       used 16566K, capacity 17018K, committed 17280K, reserved 1064960K
  class space    used 2163K, capacity 2324K, committed 2432K, reserved 1048576K
}
Event: 2.171 GC heap before
{Heap before GC invocations=4 (full 0):
 PSYoungGen      total 36864K, used 36860K [0x00000000d7100000, 0x00000000db900000, 0x0000000100000000)
  eden space 31744K, 99% used [0x00000000d7100000,0x00000000d8fff2c8,0x00000000d9000000)
  from space 5120K, 99% used [0x00000000d9000000,0x00000000d94fff58,0x00000000d9500000)
  to   space 5120K, 0% used [0x00000000db400000,0x00000000db400000,0x00000000db900000)
 ParOldGen       total 84992K, used 1858K [0x0000000085200000, 0x000000008a500000, 0x00000000d7100000)
  object space 84992K, 2% used [0x0000000085200000,0x00000000853d0bb0,0x000000008a500000)
 Metaspace       used 20319K, capacity 20858K, committed 20992K, reserved 1067008K
  class space    used 2629K, capacity 2788K, committed 2816K, reserved 1048576K
Event: 2.186 GC heap after
Heap after GC invocations=4 (full 0):
 PSYoungGen      total 68608K, used 5110K [0x00000000d7100000, 0x00000000db900000, 0x0000000100000000)
  eden space 63488K, 0% used [0x00000000d7100000,0x00000000d7100000,0x00000000daf00000)
  from space 5120K, 99% used [0x00000000db400000,0x00000000db8fdae8,0x00000000db900000)
  to   space 5120K, 0% used [0x00000000daf00000,0x00000000daf00000,0x00000000db400000)
 ParOldGen       total 84992K, used 4774K [0x0000000085200000, 0x000000008a500000, 0x00000000d7100000)
  object space 84992K, 5% used [0x0000000085200000,0x00000000856a9840,0x000000008a500000)
 Metaspace       used 20319K, capacity 20858K, committed 20992K, reserved 1067008K
  class space    used 2629K, capacity 2788K, committed 2816K, reserved 1048576K
}
Event: 2.216 GC heap before
{Heap before GC invocations=5 (full 0):
 PSYoungGen      total 68608K, used 37366K [0x00000000d7100000, 0x00000000db900000, 0x0000000100000000)
  eden space 63488K, 50% used [0x00000000d7100000,0x00000000d9080088,0x00000000daf00000)
  from space 5120K, 99% used [0x00000000db400000,0x00000000db8fdae8,0x00000000db900000)
  to   space 5120K, 0% used [0x00000000daf00000,0x00000000daf00000,0x00000000db400000)
 ParOldGen       total 84992K, used 4774K [0x0000000085200000, 0x000000008a500000, 0x00000000d7100000)
  object space 84992K, 5% used [0x0000000085200000,0x00000000856a9840,0x000000008a500000)
 Metaspace       used 20735K, capacity 21242K, committed 21296K, reserved 1067008K
  class space    used 2671K, capacity 2852K, committed 2864K, reserved 1048576K
Event: 2.225 GC heap after
Heap after GC invocations=5 (full 0):
 PSYoungGen      total 68608K, used 5091K [0x00000000d7100000, 0x00000000dfe00000, 0x0000000100000000)
  eden space 63488K, 0% used [0x00000000d7100000,0x00000000d7100000,0x00000000daf00000)
  from space 5120K, 99% used [0x00000000daf00000,0x00000000db3f8fe8,0x00000000db400000)
  to   space 8704K, 0% used [0x00000000df580000,0x00000000df580000,0x00000000dfe00000)
 ParOldGen       total 84992K, used 4823K [0x0000000085200000, 0x000000008a500000, 0x00000000d7100000)
  object space 84992K, 5% used [0x0000000085200000,0x00000000856b5ef8,0x000000008a500000)
 Metaspace       used 20735K, capacity 21242K, committed 21296K, reserved 1067008K
  class space    used 2671K, capacity 2852K, committed 2864K, reserved 1048576K
}
Event: 2.225 GC heap before
{Heap before GC invocations=6 (full 1):
 PSYoungGen      total 68608K, used 5091K [0x00000000d7100000, 0x00000000dfe00000, 0x0000000100000000)
  eden space 63488K, 0% used [0x00000000d7100000,0x00000000d7100000,0x00000000daf00000)
  from space 5120K, 99% used [0x00000000daf00000,0x00000000db3f8fe8,0x00000000db400000)
  to   space 8704K, 0% used [0x00000000df580000,0x00000000df580000,0x00000000dfe00000)
 ParOldGen       total 84992K, used 4823K [0x0000000085200000, 0x000000008a500000, 0x00000000d7100000)
  object space 84992K, 5% used [0x0000000085200000,0x00000000856b5ef8,0x000000008a500000)
 Metaspace       used 20735K, capacity 21242K, committed 21296K, reserved 1067008K
  class space    used 2671K, capacity 2852K, committed 2864K, reserved 1048576K
Event: 2.266 GC heap after
Heap after GC invocations=6 (full 1):
 PSYoungGen      total 68608K, used 0K [0x00000000d7100000, 0x00000000dfe00000, 0x0000000100000000)
  eden space 63488K, 0% used [0x00000000d7100000,0x00000000d7100000,0x00000000daf00000)
  from space 5120K, 0% used [0x00000000daf00000,0x00000000daf00000,0x00000000db400000)
  to   space 8704K, 0% used [0x00000000df580000,0x00000000df580000,0x00000000dfe00000)
 ParOldGen       total 46592K, used 5068K [0x0000000085200000, 0x0000000087f80000, 0x00000000d7100000)
  object space 46592K, 10% used [0x0000000085200000,0x00000000856f33c0,0x0000000087f80000)
 Metaspace       used 20734K, capacity 21236K, committed 21296K, reserved 1067008K
  class space    used 2671K, capacity 2851K, committed 2864K, reserved 1048576K
}
Event: 3.638 GC heap before
{Heap before GC invocations=7 (full 1):
 PSYoungGen      total 68608K, used 63488K [0x00000000d7100000, 0x00000000dfe00000, 0x0000000100000000)
  eden space 63488K, 100% used [0x00000000d7100000,0x00000000daf00000,0x00000000daf00000)
  from space 5120K, 0% used [0x00000000daf00000,0x00000000daf00000,0x00000000db400000)
  to   space 8704K, 0% used [0x00000000df580000,0x00000000df580000,0x00000000dfe00000)
 ParOldGen       total 46592K, used 5068K [0x0000000085200000, 0x0000000087f80000, 0x00000000d7100000)
  object space 46592K, 10% used [0x0000000085200000,0x00000000856f33c0,0x0000000087f80000)
 Metaspace       used 26196K, capacity 27224K, committed 27440K, reserved 1073152K
  class space    used 3390K, capacity 3617K, committed 3632K, reserved 1048576K
Event: 3.658 GC heap after
Heap after GC invocations=7 (full 1):
 PSYoungGen      total 120832K, used 7773K [0x00000000d7100000, 0x00000000dfd80000, 0x0000000100000000)
  eden space 112640K, 0% used [0x00000000d7100000,0x00000000d7100000,0x00000000ddf00000)
  from space 8192K, 94% used [0x00000000df580000,0x00000000dfd17678,0x00000000dfd80000)
  to   space 9216K, 0% used [0x00000000deb80000,0x00000000deb80000,0x00000000df480000)
 ParOldGen       total 46592K, used 5140K [0x0000000085200000, 0x0000000087f80000, 0x00000000d7100000)
  object space 46592K, 11% used [0x0000000085200000,0x00000000857053d0,0x0000000087f80000)
 Metaspace       used 26196K, capacity 27224K, committed 27440K, reserved 1073152K
  class space    used 3390K, capacity 3617K, committed 3632K, reserved 1048576K
}

